<13>Feb  4 14:32:15 CRB15000_5_95 ABB-UAL:01:Log-out (user logged out)|-|Socket=12652|1210|00501|-|robot|	501
<13>Feb  4 14:32:18 CRB15000_5_95 ABB-UAL:01:Log-in successful|-|UAS_UID=1769483|1110|00502|-|robot|Default User	502
<13>Feb  4 14:32:18 CRB15000_5_95 ABB-UAL:01:Log-in successful|-|UAS_UID=1835020|1110|00503|-|robot|Default User	503
<13>Feb  4 14:36:46 CRB15000_5_95 ABB-UAL:01:Log-out (user logged out)|-|Socket=13780|1210|00504|-|robot|	504
<13>Feb  4 14:36:53 CRB15000_5_95 ABB-UAL:01:Log-in successful|-|UAS_UID=1900556|1110|00505|-|robot|Admin	505
<9>Feb 17 14:20:14 CRB15000_5_95 ABB-UAL:01:Log data hash check failed (Log data altered)|-|invalid digest syslog.log|3220|00506|-|robot|syslog	506
<13>Feb 17 14:20:16 CRB15000_5_95 ABB-UAL:01:Log-in successful|-|UAS_UID=65537|1110|00507|-|robot|NativeUser	507
<13>Feb 17 14:20:16 CRB15000_5_95 ABB-UAL:01:Log-in successful|-|UAS_UID=131074|1110|00508|-|robot|NativeUser	508
<13>Feb 17 14:20:17 CRB15000_5_95 ABB-UAL:01:Log-in successful|-|UAS_UID=196611|1110|00509|-|robot|NativeUser	509
<13>Feb 17 14:20:17 CRB15000_5_95 ABB-UAL:01:Log-in successful|-|UAS_UID=262148|1110|00510|-|robot|NativeUser	510
<13>Feb 17 14:20:17 CRB15000_5_95 ABB-UAL:01:Log-in successful|-|UAS_UID=327685|1110|00511|-|robot|NativeUser	511
<13>Feb 17 14:20:17 CRB15000_5_95 ABB-UAL:01:Log-in successful|-|UAS_UID=393222|1110|00512|-|robot|NativeUser	512
<13>Feb 17 14:20:19 CRB15000_5_95 ABB-UAL:01:Log-in successful|-|UAS_UID=458759|1110|00513|-|robot|Admin	513
<13>Feb 17 14:20:28 CRB15000_5_95 ABB-UAL:01:Log-in successful|-|UAS_UID=524296|1110|00514|-|robot|Admin	514
<13>Feb 17 14:26:28 CRB15000_5_95 ABB-UAL:01:Log-out (user logged out)|-|UAS_UID=524296|1210|00515|-|robot|	515
<13>Feb 17 14:27:36 CRB15000_5_95 ABB-UAL:01:Parameter changed successfully|-|CFG SIO domain, type UDPUC_HOST|1380|00516|-|robot|458759	516
<13>Feb 17 14:27:42 CRB15000_5_95 ABB-UAL:01:Control system restarted|-|restart warmstart|5150|00517|-|robot|458759	517
<13>Feb 17 14:27:45 CRB15000_5_95 ABB-UAL:01:Log-in successful|-|UAS_UID=65537|1110|00518|-|robot|NativeUser	518
<13>Feb 17 14:27:46 CRB15000_5_95 ABB-UAL:01:Log-in successful|-|UAS_UID=131074|1110|00519|-|robot|NativeUser	519
<13>Feb 17 14:27:46 CRB15000_5_95 ABB-UAL:01:Log-in successful|-|UAS_UID=196611|1110|00520|-|robot|NativeUser	520
<13>Feb 17 14:27:46 CRB15000_5_95 ABB-UAL:01:Log-in successful|-|UAS_UID=262148|1110|00521|-|robot|NativeUser	521
<13>Feb 17 14:27:46 CRB15000_5_95 ABB-UAL:01:Log-in successful|-|UAS_UID=327685|1110|00522|-|robot|NativeUser	522
<13>Feb 17 14:27:46 CRB15000_5_95 ABB-UAL:01:Log-in successful|-|UAS_UID=393222|1110|00523|-|robot|NativeUser	523
<13>Feb 17 14:27:50 CRB15000_5_95 ABB-UAL:01:Log-in successful|-|UAS_UID=458759|1110|00524|-|robot|Admin	524
<13>Feb 17 14:27:57 CRB15000_5_95 ABB-UAL:01:Log-in successful|-|UAS_UID=524296|1110|00525|-|robot|Admin	525
<13>Feb 17 14:29:01 CRB15000_5_95 ABB-UAL:01:Log-in successful|-|UAS_UID=589833|1110|00526|-|robot|Default User	526
<13>Feb 17 14:29:01 CRB15000_5_95 ABB-UAL:01:Log-in successful|-|UAS_UID=655370|1110|00527|-|robot|Default User	527
<13>Feb 17 14:30:47 CRB15000_5_95 ABB-UAL:01:Log-out (user logged out)|-|Socket=7204|1210|00528|-|robot|	528
<13>Feb 17 14:32:58 CRB15000_5_95 ABB-UAL:01:Log-out (user logged out)|-|UAS_UID=524296|1210|00529|-|robot|	529
<13>Feb 17 14:35:58 CRB15000_5_95 ABB-UAL:01:Log-out (user logged out)|-|UAS_UID=589833|1210|00530|-|robot|	530
<13>Feb 17 14:49:04 CRB15000_5_95 ABB-UAL:01:Log-in successful|-|UAS_UID=720904|1110|00531|-|robot|Default User	531
<13>Feb 17 14:49:11 CRB15000_5_95 ABB-UAL:01:Log-in successful|-|UAS_UID=786441|1110|00532|-|robot|Default User	532
<13>Feb 17 14:49:11 CRB15000_5_95 ABB-UAL:01:Log-in successful|-|UAS_UID=851978|1110|00533|-|robot|Default User	533
<13>Feb 17 14:49:20 CRB15000_5_95 ABB-UAL:01:Log-out (user logged out)|-|Socket=8852|1210|00534|-|robot|	534
<13>Feb 17 14:55:04 CRB15000_5_95 ABB-UAL:01:Log-out (user logged out)|-|UAS_UID=786441|1210|00535|-|robot|	535
<13>Feb 17 15:01:49 CRB15000_5_95 ABB-UAL:01:Control system restarted|-|restart warmstart|5150|00536|-|robot|458759	536
<13>Feb 17 15:01:52 CRB15000_5_95 ABB-UAL:01:Log-in successful|-|UAS_UID=65537|1110|00537|-|robot|NativeUser	537
<13>Feb 17 15:01:53 CRB15000_5_95 ABB-UAL:01:Log-in successful|-|UAS_UID=131074|1110|00538|-|robot|NativeUser	538
<13>Feb 17 15:01:53 CRB15000_5_95 ABB-UAL:01:Log-in successful|-|UAS_UID=196611|1110|00539|-|robot|NativeUser	539
<13>Feb 17 15:01:54 CRB15000_5_95 ABB-UAL:01:Log-in successful|-|UAS_UID=262148|1110|00540|-|robot|NativeUser	540
<13>Feb 17 15:01:54 CRB15000_5_95 ABB-UAL:01:Log-in successful|-|UAS_UID=327685|1110|00541|-|robot|NativeUser	541
<13>Feb 17 15:01:54 CRB15000_5_95 ABB-UAL:01:Log-in successful|-|UAS_UID=393222|1110|00542|-|robot|NativeUser	542
<13>Feb 17 15:01:57 CRB15000_5_95 ABB-UAL:01:Log-in successful|-|UAS_UID=458759|1110|00543|-|robot|Admin	543
<13>Feb 17 15:02:04 CRB15000_5_95 ABB-UAL:01:Log-in successful|-|UAS_UID=524296|1110|00544|-|robot|Admin	544
<13>Feb 17 15:08:04 CRB15000_5_95 ABB-UAL:01:Log-out (user logged out)|-|UAS_UID=524296|1210|00545|-|robot|	545
<13>Feb 17 15:33:18 CRB15000_5_95 ABB-UAL:01:Log-in successful|-|UAS_UID=589832|1110|00546|-|robot|Default User	546
<13>Feb 17 15:33:18 CRB15000_5_95 ABB-UAL:01:Log-in successful|-|UAS_UID=655369|1110|00547|-|robot|Default User	547
<13>Feb 17 15:35:22 CRB15000_5_95 ABB-UAL:01:Log-out (user logged out)|-|Socket=604|1210|00548|-|robot|	548
<13>Feb 17 15:35:34 CRB15000_5_95 ABB-UAL:01:Log-in successful|-|UAS_UID=720905|1110|00549|-|robot|Default User	549
<13>Feb 17 15:35:34 CRB15000_5_95 ABB-UAL:01:Log-in successful|-|UAS_UID=786442|1110|00550|-|robot|Default User	550
<13>Feb 17 15:35:44 CRB15000_5_95 ABB-UAL:01:Control system restarted|-|restart warmstart|5150|00551|-|robot|458759	551
<13>Feb 17 15:35:47 CRB15000_5_95 ABB-UAL:01:Log-in successful|-|UAS_UID=65537|1110|00552|-|robot|NativeUser	552
<13>Feb 17 15:35:48 CRB15000_5_95 ABB-UAL:01:Log-in successful|-|UAS_UID=131074|1110|00553|-|robot|NativeUser	553
<13>Feb 17 15:35:48 CRB15000_5_95 ABB-UAL:01:Log-in successful|-|UAS_UID=196611|1110|00554|-|robot|NativeUser	554
<13>Feb 17 15:35:49 CRB15000_5_95 ABB-UAL:01:Log-in successful|-|UAS_UID=262148|1110|00555|-|robot|NativeUser	555
<13>Feb 17 15:35:49 CRB15000_5_95 ABB-UAL:01:Log-in successful|-|UAS_UID=327685|1110|00556|-|robot|NativeUser	556
<13>Feb 17 15:35:49 CRB15000_5_95 ABB-UAL:01:Log-in successful|-|UAS_UID=393222|1110|00557|-|robot|NativeUser	557
<13>Feb 17 15:35:52 CRB15000_5_95 ABB-UAL:01:Log-in successful|-|UAS_UID=458759|1110|00558|-|robot|Admin	558
<13>Feb 17 15:35:59 CRB15000_5_95 ABB-UAL:01:Log-in successful|-|UAS_UID=524296|1110|00559|-|robot|Admin	559
<13>Feb 17 15:36:00 CRB15000_5_95 ABB-UAL:01:Log-in successful|-|UAS_UID=589833|1110|00560|-|robot|Default User	560
<13>Feb 17 15:36:00 CRB15000_5_95 ABB-UAL:01:Log-in successful|-|UAS_UID=655370|1110|00561|-|robot|Default User	561
<13>Feb 17 15:36:48 CRB15000_5_95 ABB-UAL:01:Control system restarted|-|restart warmstart|5150|00562|-|robot|458759	562
<13>Feb 17 15:36:51 CRB15000_5_95 ABB-UAL:01:Log-in successful|-|UAS_UID=65537|1110|00563|-|robot|NativeUser	563
<13>Feb 17 15:36:52 CRB15000_5_95 ABB-UAL:01:Log-in successful|-|UAS_UID=131074|1110|00564|-|robot|NativeUser	564
<13>Feb 17 15:36:52 CRB15000_5_95 ABB-UAL:01:Log-in successful|-|UAS_UID=196611|1110|00565|-|robot|NativeUser	565
<13>Feb 17 15:36:53 CRB15000_5_95 ABB-UAL:01:Log-in successful|-|UAS_UID=262148|1110|00566|-|robot|NativeUser	566
<13>Feb 17 15:36:53 CRB15000_5_95 ABB-UAL:01:Log-in successful|-|UAS_UID=327685|1110|00567|-|robot|NativeUser	567
<13>Feb 17 15:36:53 CRB15000_5_95 ABB-UAL:01:Log-in successful|-|UAS_UID=393222|1110|00568|-|robot|NativeUser	568
<13>Feb 17 15:36:56 CRB15000_5_95 ABB-UAL:01:Log-in successful|-|UAS_UID=458759|1110|00569|-|robot|Admin	569
<13>Feb 17 15:37:03 CRB15000_5_95 ABB-UAL:01:Log-in successful|-|UAS_UID=524296|1110|00570|-|robot|Admin	570
<13>Feb 17 15:37:04 CRB15000_5_95 ABB-UAL:01:Log-in successful|-|UAS_UID=589833|1110|00571|-|robot|Default User	571
<13>Feb 17 15:37:04 CRB15000_5_95 ABB-UAL:01:Log-in successful|-|UAS_UID=655370|1110|00572|-|robot|Default User	572
<13>Feb 17 15:37:47 CRB15000_5_95 ABB-UAL:01:Log-out (user logged out)|-|Socket=7204|1210|00573|-|robot|	573
<13>Feb 17 15:38:06 CRB15000_5_95 ABB-UAL:01:Log-in successful|-|UAS_UID=720906|1110|00574|-|robot|Default User	574
<13>Feb 17 15:38:06 CRB15000_5_95 ABB-UAL:01:Log-in successful|-|UAS_UID=786443|1110|00575|-|robot|Default User	575
<13>Feb 17 15:43:03 CRB15000_5_95 ABB-UAL:01:Log-out (user logged out)|-|UAS_UID=524296|1210|00576|-|robot|	576
<13>Feb 17 15:43:03 CRB15000_5_95 ABB-UAL:01:Log-out (user logged out)|-|UAS_UID=589833|1210|00577|-|robot|	577
<13>Feb 17 16:05:35 CRB15000_5_95 ABB-UAL:01:Log-out (user logged out)|-|Socket=636|1210|00578|-|robot|	578
<13>Feb 17 16:05:39 CRB15000_5_95 ABB-UAL:01:Log-in successful|-|UAS_UID=851976|1110|00579|-|robot|Admin	579
<13>Feb 23 14:18:39 CRB15000_5_95 ABB-UAL:01:Log-in successful|-|UAS_UID=65537|1110|00580|-|robot|NativeUser	580
<13>Feb 23 14:18:39 CRB15000_5_95 ABB-UAL:01:Log-in successful|-|UAS_UID=131074|1110|00581|-|robot|NativeUser	581
<13>Feb 23 14:18:40 CRB15000_5_95 ABB-UAL:01:Log-in successful|-|UAS_UID=196611|1110|00582|-|robot|NativeUser	582
<13>Feb 23 14:18:40 CRB15000_5_95 ABB-UAL:01:Log-in successful|-|UAS_UID=262148|1110|00583|-|robot|NativeUser	583
<13>Feb 23 14:18:40 CRB15000_5_95 ABB-UAL:01:Log-in successful|-|UAS_UID=327685|1110|00584|-|robot|NativeUser	584
<13>Feb 23 14:18:40 CRB15000_5_95 ABB-UAL:01:Log-in successful|-|UAS_UID=393222|1110|00585|-|robot|NativeUser	585
<13>Feb 23 14:18:42 CRB15000_5_95 ABB-UAL:01:Log-in successful|-|UAS_UID=458759|1110|00586|-|robot|Admin	586
<13>Feb 23 14:18:51 CRB15000_5_95 ABB-UAL:01:Log-in successful|-|UAS_UID=524296|1110|00587|-|robot|Admin	587
<13>Feb 23 14:24:51 CRB15000_5_95 ABB-UAL:01:Log-out (user logged out)|-|UAS_UID=524296|1210|00588|-|robot|	588
<13>Feb 23 15:19:28 CRB15000_5_95 ABB-UAL:01:Log-in successful|-|UAS_UID=589832|1110|00589|-|robot|Default User	589
<13>Feb 23 15:19:28 CRB15000_5_95 ABB-UAL:01:Log-in successful|-|UAS_UID=655369|1110|00590|-|robot|Default User	590
<13>Feb 23 15:21:44 CRB15000_5_95 ABB-UAL:01:Log-out (user logged out)|-|Socket=2168|1210|00591|-|robot|	591
<13>Feb 23 15:26:28 CRB15000_5_95 ABB-UAL:01:Log-out (user logged out)|-|UAS_UID=589832|1210|00592|-|robot|	592
<13>Feb 23 15:29:54 CRB15000_5_95 ABB-UAL:01:Log-in successful|-|UAS_UID=720904|1110|00593|-|robot|Default User	593
<13>Feb 23 15:34:20 CRB15000_5_95 ABB-UAL:01:Log-in successful|-|UAS_UID=786441|1110|00594|-|robot|Admin	594
<13>Feb 28 15:37:58 CRB15000_5_95 ABB-UAL:01:Log-in successful|-|UAS_UID=65537|1110|00595|-|robot|NativeUser	595
<13>Feb 28 15:37:59 CRB15000_5_95 ABB-UAL:01:Log-in successful|-|UAS_UID=131074|1110|00596|-|robot|NativeUser	596
<13>Feb 28 15:37:59 CRB15000_5_95 ABB-UAL:01:Log-in successful|-|UAS_UID=196611|1110|00597|-|robot|NativeUser	597
<13>Feb 28 15:37:59 CRB15000_5_95 ABB-UAL:01:Log-in successful|-|UAS_UID=262148|1110|00598|-|robot|NativeUser	598
<13>Feb 28 15:37:59 CRB15000_5_95 ABB-UAL:01:Log-in successful|-|UAS_UID=327685|1110|00599|-|robot|NativeUser	599
<13>Feb 28 15:37:59 CRB15000_5_95 ABB-UAL:01:Log-in successful|-|UAS_UID=393222|1110|00600|-|robot|NativeUser	600
<13>Feb 28 15:38:01 CRB15000_5_95 ABB-UAL:01:Log-in successful|-|UAS_UID=458759|1110|00601|-|robot|Admin	601
<13>Feb 28 15:38:10 CRB15000_5_95 ABB-UAL:01:Log-in successful|-|UAS_UID=524296|1110|00602|-|robot|Admin	602
<13>Feb 28 15:44:10 CRB15000_5_95 ABB-UAL:01:Log-out (user logged out)|-|UAS_UID=524296|1210|00603|-|robot|	603
<13>Feb 28 16:23:54 CRB15000_5_95 ABB-UAL:01:Log-in successful|-|UAS_UID=589832|1110|00604|-|robot|Admin	604
<13>Apr  1 12:50:29 CRB15000_5_95 ABB-UAL:01:Log-in successful|-|UAS_UID=65537|1110|00605|-|robot|NativeUser	605
<13>Apr  1 12:50:29 CRB15000_5_95 ABB-UAL:01:Log-in successful|-|UAS_UID=131074|1110|00606|-|robot|NativeUser	606
<13>Apr  1 12:50:30 CRB15000_5_95 ABB-UAL:01:Log-in successful|-|UAS_UID=196611|1110|00607|-|robot|NativeUser	607
<13>Apr  1 12:50:30 CRB15000_5_95 ABB-UAL:01:Log-in successful|-|UAS_UID=262148|1110|00608|-|robot|NativeUser	608
<13>Apr  1 12:50:30 CRB15000_5_95 ABB-UAL:01:Log-in successful|-|UAS_UID=327685|1110|00609|-|robot|NativeUser	609
<13>Apr  1 12:50:30 CRB15000_5_95 ABB-UAL:01:Log-in successful|-|UAS_UID=393222|1110|00610|-|robot|NativeUser	610
<13>Apr  1 12:50:32 CRB15000_5_95 ABB-UAL:01:Log-in successful|-|UAS_UID=458759|1110|00611|-|robot|Admin	611
<13>Apr  1 12:50:41 CRB15000_5_95 ABB-UAL:01:Log-in successful|-|UAS_UID=524296|1110|00612|-|robot|Admin	612
<13>Apr  1 12:55:13 CRB15000_5_95 ABB-UAL:01:Parameter changed successfully|-|CFG SIO domain, type UDPUC_HOST|1380|00613|-|robot|458759	613
<13>Apr  1 12:55:22 CRB15000_5_95 ABB-UAL:01:Control system restarted|-|restart warmstart|5150|00614|-|robot|458759	614
<13>Apr  1 12:55:25 CRB15000_5_95 ABB-UAL:01:Log-in successful|-|UAS_UID=65537|1110|00615|-|robot|NativeUser	615
<13>Apr  1 12:55:25 CRB15000_5_95 ABB-UAL:01:Log-in successful|-|UAS_UID=131074|1110|00616|-|robot|NativeUser	616
<13>Apr  1 12:55:26 CRB15000_5_95 ABB-UAL:01:Log-in successful|-|UAS_UID=196611|1110|00617|-|robot|NativeUser	617
<13>Apr  1 12:55:26 CRB15000_5_95 ABB-UAL:01:Log-in successful|-|UAS_UID=262148|1110|00618|-|robot|NativeUser	618
<13>Apr  1 12:55:26 CRB15000_5_95 ABB-UAL:01:Log-in successful|-|UAS_UID=327685|1110|00619|-|robot|NativeUser	619
<13>Apr  1 12:55:26 CRB15000_5_95 ABB-UAL:01:Log-in successful|-|UAS_UID=393222|1110|00620|-|robot|NativeUser	620
<13>Apr  1 12:55:30 CRB15000_5_95 ABB-UAL:01:Log-in successful|-|UAS_UID=458759|1110|00621|-|robot|Admin	621
<13>Apr  1 12:55:37 CRB15000_5_95 ABB-UAL:01:Log-in successful|-|UAS_UID=524296|1110|00622|-|robot|Admin	622
<13>Apr  1 12:56:36 CRB15000_5_95 ABB-UAL:01:Log-in successful|-|UAS_UID=589833|1110|00623|-|robot|Default User	623
<13>Apr  1 12:56:36 CRB15000_5_95 ABB-UAL:01:Log-in successful|-|UAS_UID=655370|1110|00624|-|robot|Default User	624
<13>Apr  1 12:57:31 CRB15000_5_95 ABB-UAL:01:Log-out (user logged out)|-|UAS_UID=589833|1210|00625|-|robot|	625
<13>Apr  1 12:57:31 CRB15000_5_95 ABB-UAL:01:Log-out (user logged out)|-|Socket=632|1210|00626|-|robot|	626
<13>Apr  1 13:00:39 CRB15000_5_95 ABB-UAL:01:Log-out (user logged out)|-|UAS_UID=524296|1210|00627|-|robot|	627
<13>Apr  1 13:03:06 CRB15000_5_95 ABB-UAL:01:Log-in successful|-|UAS_UID=720904|1110|00628|-|robot|Admin	628
<9>Jun  6 09:31:42 CRB15000_5_95 ABB-UAL:01:Log data hash check failed (Log data altered)|-|invalid digest syslog.log|3220|00629|-|robot|syslog	629
<13>Jun  6 09:31:44 CRB15000_5_95 ABB-UAL:01:Log-in successful|-|UAS_UID=65537|1110|00630|-|robot|NativeUser	630
<13>Jun  6 09:31:45 CRB15000_5_95 ABB-UAL:01:Log-in successful|-|UAS_UID=131074|1110|00631|-|robot|NativeUser	631
<13>Jun  6 09:31:46 CRB15000_5_95 ABB-UAL:01:Log-in successful|-|UAS_UID=196611|1110|00632|-|robot|NativeUser	632
<13>Jun  6 09:31:46 CRB15000_5_95 ABB-UAL:01:Log-in successful|-|UAS_UID=262148|1110|00633|-|robot|NativeUser	633
<13>Jun  6 09:31:46 CRB15000_5_95 ABB-UAL:01:Log-in successful|-|UAS_UID=327685|1110|00634|-|robot|NativeUser	634
<13>Jun  6 09:31:46 CRB15000_5_95 ABB-UAL:01:Log-in successful|-|UAS_UID=393222|1110|00635|-|robot|NativeUser	635
<13>Jun  6 09:31:48 CRB15000_5_95 ABB-UAL:01:Log-in successful|-|UAS_UID=458759|1110|00636|-|robot|Admin	636
<13>Jun  6 09:31:57 CRB15000_5_95 ABB-UAL:01:Log-in successful|-|UAS_UID=524296|1110|00637|-|robot|Admin	637
<13>Jun  6 09:37:57 CRB15000_5_95 ABB-UAL:01:Log-out (user logged out)|-|UAS_UID=524296|1210|00638|-|robot|	638
<13>Jun  6 11:21:26 CRB15000_5_95 ABB-UAL:01:Log-in successful|-|UAS_UID=589832|1110|00639|-|robot|Admin	639
-----BEGIN DIGEST-----
vZK6NxmigA+Z4h0sdyHRYZLAvDLTJ967Q7ChESOjRZd3jaw536/DJG5NiyOccLci3eZP1A==
-----END DIGEST-----
